Performing C SOURCE FILE Test CMAKE_HAVE_LIBC_PTHREAD failed with the following output:
Change Dir: /home/jxl/Lins_ws/src/LINS---LiDAR-inertial-SLAM_noted/build/CMakeFiles/CMakeTmp

Run Build Command(s):/usr/bin/ninja cmTC_2c1dc && [1/2] Building C object CMakeFiles/cmTC_2c1dc.dir/src.c.o
[2/2] Linking C executable cmTC_2c1dc
FAILED: : && /usr/bin/x86_64-linux-gnu-gcc-5 -DCMAKE_HAVE_LIBC_PTHREAD  -rdynamic CMakeFiles/cmTC_2c1dc.dir/src.c.o  -o cmTC_2c1dc   && :
CMakeFiles/cmTC_2c1dc.dir/src.c.o：在函数‘main’中：
src.c:(.text+0x3c)：对‘pthread_create’未定义的引用
src.c:(.text+0x48)：对‘pthread_detach’未定义的引用
src.c:(.text+0x54)：对‘pthread_cancel’未定义的引用
src.c:(.text+0x65)：对‘pthread_join’未定义的引用
src.c:(.text+0x79)：对‘pthread_atfork’未定义的引用
collect2: error: ld returned 1 exit status
ninja: build stopped: subcommand failed.


Source file was:
#include <pthread.h>

void* test_func(void* data)
{
  return data;
}

int main(void)
{
  pthread_t thread;
  pthread_create(&thread, NULL, test_func, NULL);
  pthread_detach(thread);
  pthread_cancel(thread);
  pthread_join(thread, NULL);
  pthread_atfork(NULL, NULL, NULL);
  pthread_exit(NULL);

  return 0;
}

Determining if the function pthread_create exists in the pthreads failed with the following output:
Change Dir: /home/jxl/Lins_ws/src/LINS---LiDAR-inertial-SLAM_noted/build/CMakeFiles/CMakeTmp

Run Build Command(s):/usr/bin/ninja cmTC_a344a && [1/2] Building C object CMakeFiles/cmTC_a344a.dir/CheckFunctionExists.c.o
[2/2] Linking C executable cmTC_a344a
FAILED: : && /usr/bin/x86_64-linux-gnu-gcc-5 -DCHECK_FUNCTION_EXISTS=pthread_create  -rdynamic CMakeFiles/cmTC_a344a.dir/CheckFunctionExists.c.o  -o cmTC_a344a  -lpthreads && :
/usr/bin/ld: 找不到 -lpthreads
collect2: error: ld returned 1 exit status
ninja: build stopped: subcommand failed.



